2020-04-01T02:35:58+00:00 CRITICAL Uncaught Error: Call to undefined function halink_posted_on() in /var/www/daibinhduong.halink/public_html/wp-content/themes/halink/template-parts/content.php:25
Stack trace:
#0 /var/www/daibinhduong.halink/public_html/wp-includes/template.php(724): require()
#1 /var/www/daibinhduong.halink/public_html/wp-includes/template.php(671): load_template()
#2 /var/www/daibinhduong.halink/public_html/wp-includes/general-template.php(168): locate_template()
#3 /var/www/daibinhduong.halink/public_html/wp-content/themes/halink/index.php(41): get_template_part()
#4 /var/www/daibinhduong.halink/public_html/wp-includes/template-loader.php(98): include('/var/www/daibin...')
#5 /var/www/daibinhduong.halink/public_html/wp-blog-header.php(19): require_once('/var/www/daibin...')
#6 /var/www/daibinhduong.halink/public_html/index.php(17): require('/var/www/daibin...')
#7 {main}
  thrown in /var/www/daibinhduong.halink/public_html/wp-content/themes/halink/template-parts/content.php on line 25

2020-04-01T02:36:12+00:00 CRITICAL Uncaught Error: Call to undefined function halink_posted_on() in /var/www/daibinhduong.halink/public_html/wp-content/themes/halink/template-parts/content.php:25
Stack trace:
#0 /var/www/daibinhduong.halink/public_html/wp-includes/template.php(724): require()
#1 /var/www/daibinhduong.halink/public_html/wp-includes/template.php(671): load_template()
#2 /var/www/daibinhduong.halink/public_html/wp-includes/general-template.php(168): locate_template()
#3 /var/www/daibinhduong.halink/public_html/wp-content/themes/halink/index.php(41): get_template_part()
#4 /var/www/daibinhduong.halink/public_html/wp-includes/template-loader.php(98): include('/var/www/daibin...')
#5 /var/www/daibinhduong.halink/public_html/wp-blog-header.php(19): require_once('/var/www/daibin...')
#6 /var/www/daibinhduong.halink/public_html/index.php(17): require('/var/www/daibin...')
#7 {main}
  thrown in /var/www/daibinhduong.halink/public_html/wp-content/themes/halink/template-parts/content.php on line 25

2020-04-01T02:37:39+00:00 CRITICAL Uncaught Error: Call to undefined function halink_posted_on() in /var/www/daibinhduong.halink/public_html/wp-content/themes/halink/template-parts/content.php:25
Stack trace:
#0 /var/www/daibinhduong.halink/public_html/wp-includes/template.php(724): require()
#1 /var/www/daibinhduong.halink/public_html/wp-includes/template.php(671): load_template()
#2 /var/www/daibinhduong.halink/public_html/wp-includes/general-template.php(168): locate_template()
#3 /var/www/daibinhduong.halink/public_html/wp-content/themes/halink/index.php(41): get_template_part()
#4 /var/www/daibinhduong.halink/public_html/wp-includes/template-loader.php(98): include('/var/www/daibin...')
#5 /var/www/daibinhduong.halink/public_html/wp-blog-header.php(19): require_once('/var/www/daibin...')
#6 /var/www/daibinhduong.halink/public_html/index.php(17): require('/var/www/daibin...')
#7 {main}
  thrown in /var/www/daibinhduong.halink/public_html/wp-content/themes/halink/template-parts/content.php on line 25

2020-04-01T02:39:14+00:00 CRITICAL Uncaught Error: Call to undefined function halink_posted_on() in /var/www/daibinhduong.halink/public_html/wp-content/themes/halink/template-parts/content.php:25
Stack trace:
#0 /var/www/daibinhduong.halink/public_html/wp-includes/template.php(724): require()
#1 /var/www/daibinhduong.halink/public_html/wp-includes/template.php(671): load_template()
#2 /var/www/daibinhduong.halink/public_html/wp-includes/general-template.php(168): locate_template()
#3 /var/www/daibinhduong.halink/public_html/wp-content/themes/halink/index.php(41): get_template_part()
#4 /var/www/daibinhduong.halink/public_html/wp-includes/template-loader.php(98): include('/var/www/daibin...')
#5 /var/www/daibinhduong.halink/public_html/wp-blog-header.php(19): require_once('/var/www/daibin...')
#6 /var/www/daibinhduong.halink/public_html/index.php(17): require('/var/www/daibin...')
#7 {main}
  thrown in /var/www/daibinhduong.halink/public_html/wp-content/themes/halink/template-parts/content.php on line 25

2020-04-01T02:42:42+00:00 CRITICAL Uncaught Error: Call to undefined function halink_posted_on() in /var/www/daibinhduong.halink/public_html/wp-content/themes/halink/template-parts/content.php:25
Stack trace:
#0 /var/www/daibinhduong.halink/public_html/wp-includes/template.php(724): require()
#1 /var/www/daibinhduong.halink/public_html/wp-includes/template.php(671): load_template()
#2 /var/www/daibinhduong.halink/public_html/wp-includes/general-template.php(168): locate_template()
#3 /var/www/daibinhduong.halink/public_html/wp-content/themes/halink/index.php(41): get_template_part()
#4 /var/www/daibinhduong.halink/public_html/wp-includes/template-loader.php(98): include('/var/www/daibin...')
#5 /var/www/daibinhduong.halink/public_html/wp-blog-header.php(19): require_once('/var/www/daibin...')
#6 /var/www/daibinhduong.halink/public_html/index.php(17): require('/var/www/daibin...')
#7 {main}
  thrown in /var/www/daibinhduong.halink/public_html/wp-content/themes/halink/template-parts/content.php on line 25

2020-04-01T02:44:17+00:00 CRITICAL Uncaught Error: Call to undefined function halink_posted_on() in /var/www/daibinhduong.halink/public_html/wp-content/themes/halink/template-parts/content.php:25
Stack trace:
#0 /var/www/daibinhduong.halink/public_html/wp-includes/template.php(724): require()
#1 /var/www/daibinhduong.halink/public_html/wp-includes/template.php(671): load_template()
#2 /var/www/daibinhduong.halink/public_html/wp-includes/general-template.php(168): locate_template()
#3 /var/www/daibinhduong.halink/public_html/wp-content/themes/halink/index.php(41): get_template_part()
#4 /var/www/daibinhduong.halink/public_html/wp-includes/template-loader.php(98): include('/var/www/daibin...')
#5 /var/www/daibinhduong.halink/public_html/wp-blog-header.php(19): require_once('/var/www/daibin...')
#6 /var/www/daibinhduong.halink/public_html/index.php(17): require('/var/www/daibin...')
#7 {main}
  thrown in /var/www/daibinhduong.halink/public_html/wp-content/themes/halink/template-parts/content.php on line 25

2020-04-01T02:44:19+00:00 CRITICAL Uncaught Error: Call to undefined function halink_posted_on() in /var/www/daibinhduong.halink/public_html/wp-content/themes/halink/template-parts/content.php:25
Stack trace:
#0 /var/www/daibinhduong.halink/public_html/wp-includes/template.php(724): require()
#1 /var/www/daibinhduong.halink/public_html/wp-includes/template.php(671): load_template()
#2 /var/www/daibinhduong.halink/public_html/wp-includes/general-template.php(168): locate_template()
#3 /var/www/daibinhduong.halink/public_html/wp-content/themes/halink/index.php(41): get_template_part()
#4 /var/www/daibinhduong.halink/public_html/wp-includes/template-loader.php(98): include('/var/www/daibin...')
#5 /var/www/daibinhduong.halink/public_html/wp-blog-header.php(19): require_once('/var/www/daibin...')
#6 /var/www/daibinhduong.halink/public_html/index.php(17): require('/var/www/daibin...')
#7 {main}
  thrown in /var/www/daibinhduong.halink/public_html/wp-content/themes/halink/template-parts/content.php on line 25

2020-04-01T02:51:55+00:00 CRITICAL Uncaught Error: Call to undefined function halink_posted_on() in /var/www/daibinhduong.halink/public_html/wp-content/themes/halink/template-parts/content.php:25
Stack trace:
#0 /var/www/daibinhduong.halink/public_html/wp-includes/template.php(724): require()
#1 /var/www/daibinhduong.halink/public_html/wp-includes/template.php(671): load_template()
#2 /var/www/daibinhduong.halink/public_html/wp-includes/general-template.php(168): locate_template()
#3 /var/www/daibinhduong.halink/public_html/wp-content/themes/halink/index.php(41): get_template_part()
#4 /var/www/daibinhduong.halink/public_html/wp-includes/template-loader.php(98): include('/var/www/daibin...')
#5 /var/www/daibinhduong.halink/public_html/wp-blog-header.php(19): require_once('/var/www/daibin...')
#6 /var/www/daibinhduong.halink/public_html/index.php(17): require('/var/www/daibin...')
#7 {main}
  thrown in /var/www/daibinhduong.halink/public_html/wp-content/themes/halink/template-parts/content.php on line 25

2020-04-01T02:53:53+00:00 CRITICAL Uncaught Error: Call to undefined function halink_posted_on() in /var/www/daibinhduong.halink/public_html/wp-content/themes/halink/template-parts/content.php:25
Stack trace:
#0 /var/www/daibinhduong.halink/public_html/wp-includes/template.php(724): require()
#1 /var/www/daibinhduong.halink/public_html/wp-includes/template.php(671): load_template()
#2 /var/www/daibinhduong.halink/public_html/wp-includes/general-template.php(168): locate_template()
#3 /var/www/daibinhduong.halink/public_html/wp-content/themes/halink/index.php(41): get_template_part()
#4 /var/www/daibinhduong.halink/public_html/wp-includes/template-loader.php(98): include('/var/www/daibin...')
#5 /var/www/daibinhduong.halink/public_html/wp-blog-header.php(19): require_once('/var/www/daibin...')
#6 /var/www/daibinhduong.halink/public_html/index.php(17): require('/var/www/daibin...')
#7 {main}
  thrown in /var/www/daibinhduong.halink/public_html/wp-content/themes/halink/template-parts/content.php on line 25

2020-04-01T02:55:05+00:00 CRITICAL Uncaught Error: Call to undefined function halink_posted_on() in /var/www/daibinhduong.halink/public_html/wp-content/themes/halink/template-parts/content.php:25
Stack trace:
#0 /var/www/daibinhduong.halink/public_html/wp-includes/template.php(724): require()
#1 /var/www/daibinhduong.halink/public_html/wp-includes/template.php(671): load_template()
#2 /var/www/daibinhduong.halink/public_html/wp-includes/general-template.php(168): locate_template()
#3 /var/www/daibinhduong.halink/public_html/wp-content/themes/halink/index.php(41): get_template_part()
#4 /var/www/daibinhduong.halink/public_html/wp-includes/template-loader.php(98): include('/var/www/daibin...')
#5 /var/www/daibinhduong.halink/public_html/wp-blog-header.php(19): require_once('/var/www/daibin...')
#6 /var/www/daibinhduong.halink/public_html/index.php(17): require('/var/www/daibin...')
#7 {main}
  thrown in /var/www/daibinhduong.halink/public_html/wp-content/themes/halink/template-parts/content.php on line 25

2020-04-01T02:55:10+00:00 CRITICAL Uncaught Error: Call to undefined function halink_posted_on() in /var/www/daibinhduong.halink/public_html/wp-content/themes/halink/template-parts/content.php:25
Stack trace:
#0 /var/www/daibinhduong.halink/public_html/wp-includes/template.php(724): require()
#1 /var/www/daibinhduong.halink/public_html/wp-includes/template.php(671): load_template()
#2 /var/www/daibinhduong.halink/public_html/wp-includes/general-template.php(168): locate_template()
#3 /var/www/daibinhduong.halink/public_html/wp-content/themes/halink/index.php(41): get_template_part()
#4 /var/www/daibinhduong.halink/public_html/wp-includes/template-loader.php(98): include('/var/www/daibin...')
#5 /var/www/daibinhduong.halink/public_html/wp-blog-header.php(19): require_once('/var/www/daibin...')
#6 /var/www/daibinhduong.halink/public_html/index.php(17): require('/var/www/daibin...')
#7 {main}
  thrown in /var/www/daibinhduong.halink/public_html/wp-content/themes/halink/template-parts/content.php on line 25

2020-04-01T02:55:33+00:00 CRITICAL Uncaught Error: Call to undefined function halink_posted_on() in /var/www/daibinhduong.halink/public_html/wp-content/themes/halink/template-parts/content.php:25
Stack trace:
#0 /var/www/daibinhduong.halink/public_html/wp-includes/template.php(724): require()
#1 /var/www/daibinhduong.halink/public_html/wp-includes/template.php(671): load_template()
#2 /var/www/daibinhduong.halink/public_html/wp-includes/general-template.php(168): locate_template()
#3 /var/www/daibinhduong.halink/public_html/wp-content/themes/halink/index.php(41): get_template_part()
#4 /var/www/daibinhduong.halink/public_html/wp-includes/template-loader.php(98): include('/var/www/daibin...')
#5 /var/www/daibinhduong.halink/public_html/wp-blog-header.php(19): require_once('/var/www/daibin...')
#6 /var/www/daibinhduong.halink/public_html/index.php(17): require('/var/www/daibin...')
#7 {main}
  thrown in /var/www/daibinhduong.halink/public_html/wp-content/themes/halink/template-parts/content.php on line 25

2020-04-01T02:55:51+00:00 CRITICAL Uncaught Error: Call to undefined function halink_posted_on() in /var/www/daibinhduong.halink/public_html/wp-content/themes/halink/template-parts/content.php:25
Stack trace:
#0 /var/www/daibinhduong.halink/public_html/wp-includes/template.php(724): require()
#1 /var/www/daibinhduong.halink/public_html/wp-includes/template.php(671): load_template()
#2 /var/www/daibinhduong.halink/public_html/wp-includes/general-template.php(168): locate_template()
#3 /var/www/daibinhduong.halink/public_html/wp-content/themes/halink/index.php(41): get_template_part()
#4 /var/www/daibinhduong.halink/public_html/wp-includes/template-loader.php(98): include('/var/www/daibin...')
#5 /var/www/daibinhduong.halink/public_html/wp-blog-header.php(19): require_once('/var/www/daibin...')
#6 /var/www/daibinhduong.halink/public_html/index.php(17): require('/var/www/daibin...')
#7 {main}
  thrown in /var/www/daibinhduong.halink/public_html/wp-content/themes/halink/template-parts/content.php on line 25

2020-04-01T02:56:57+00:00 CRITICAL Uncaught Error: Call to undefined function halink_posted_on() in /var/www/daibinhduong.halink/public_html/wp-content/themes/halink/template-parts/content.php:25
Stack trace:
#0 /var/www/daibinhduong.halink/public_html/wp-includes/template.php(724): require()
#1 /var/www/daibinhduong.halink/public_html/wp-includes/template.php(671): load_template()
#2 /var/www/daibinhduong.halink/public_html/wp-includes/general-template.php(168): locate_template()
#3 /var/www/daibinhduong.halink/public_html/wp-content/themes/halink/index.php(41): get_template_part()
#4 /var/www/daibinhduong.halink/public_html/wp-includes/template-loader.php(98): include('/var/www/daibin...')
#5 /var/www/daibinhduong.halink/public_html/wp-blog-header.php(19): require_once('/var/www/daibin...')
#6 /var/www/daibinhduong.halink/public_html/index.php(17): require('/var/www/daibin...')
#7 {main}
  thrown in /var/www/daibinhduong.halink/public_html/wp-content/themes/halink/template-parts/content.php on line 25

2020-04-01T02:58:19+00:00 CRITICAL Uncaught Error: Call to undefined function halink_posted_on() in /var/www/daibinhduong.halink/public_html/wp-content/themes/halink/template-parts/content.php:25
Stack trace:
#0 /var/www/daibinhduong.halink/public_html/wp-includes/template.php(724): require()
#1 /var/www/daibinhduong.halink/public_html/wp-includes/template.php(671): load_template()
#2 /var/www/daibinhduong.halink/public_html/wp-includes/general-template.php(168): locate_template()
#3 /var/www/daibinhduong.halink/public_html/wp-content/themes/halink/index.php(41): get_template_part()
#4 /var/www/daibinhduong.halink/public_html/wp-includes/template-loader.php(98): include('/var/www/daibin...')
#5 /var/www/daibinhduong.halink/public_html/wp-blog-header.php(19): require_once('/var/www/daibin...')
#6 /var/www/daibinhduong.halink/public_html/index.php(17): require('/var/www/daibin...')
#7 {main}
  thrown in /var/www/daibinhduong.halink/public_html/wp-content/themes/halink/template-parts/content.php on line 25

2020-04-01T02:58:23+00:00 CRITICAL Uncaught Error: Call to undefined function halink_posted_on() in /var/www/daibinhduong.halink/public_html/wp-content/themes/halink/template-parts/content.php:25
Stack trace:
#0 /var/www/daibinhduong.halink/public_html/wp-includes/template.php(724): require()
#1 /var/www/daibinhduong.halink/public_html/wp-includes/template.php(671): load_template()
#2 /var/www/daibinhduong.halink/public_html/wp-includes/general-template.php(168): locate_template()
#3 /var/www/daibinhduong.halink/public_html/wp-content/themes/halink/index.php(41): get_template_part()
#4 /var/www/daibinhduong.halink/public_html/wp-includes/template-loader.php(98): include('/var/www/daibin...')
#5 /var/www/daibinhduong.halink/public_html/wp-blog-header.php(19): require_once('/var/www/daibin...')
#6 /var/www/daibinhduong.halink/public_html/index.php(17): require('/var/www/daibin...')
#7 {main}
  thrown in /var/www/daibinhduong.halink/public_html/wp-content/themes/halink/template-parts/content.php on line 25

2020-04-01T02:58:54+00:00 CRITICAL Uncaught Error: Call to undefined function halink_posted_on() in /var/www/daibinhduong.halink/public_html/wp-content/themes/halink/template-parts/content.php:25
Stack trace:
#0 /var/www/daibinhduong.halink/public_html/wp-includes/template.php(724): require()
#1 /var/www/daibinhduong.halink/public_html/wp-includes/template.php(671): load_template()
#2 /var/www/daibinhduong.halink/public_html/wp-includes/general-template.php(168): locate_template()
#3 /var/www/daibinhduong.halink/public_html/wp-content/themes/halink/index.php(41): get_template_part()
#4 /var/www/daibinhduong.halink/public_html/wp-includes/template-loader.php(98): include('/var/www/daibin...')
#5 /var/www/daibinhduong.halink/public_html/wp-blog-header.php(19): require_once('/var/www/daibin...')
#6 /var/www/daibinhduong.halink/public_html/index.php(17): require('/var/www/daibin...')
#7 {main}
  thrown in /var/www/daibinhduong.halink/public_html/wp-content/themes/halink/template-parts/content.php on line 25

2020-04-01T02:59:13+00:00 CRITICAL Uncaught Error: Call to undefined function halink_posted_on() in /var/www/daibinhduong.halink/public_html/wp-content/themes/halink/template-parts/content.php:25
Stack trace:
#0 /var/www/daibinhduong.halink/public_html/wp-includes/template.php(724): require()
#1 /var/www/daibinhduong.halink/public_html/wp-includes/template.php(671): load_template()
#2 /var/www/daibinhduong.halink/public_html/wp-includes/general-template.php(168): locate_template()
#3 /var/www/daibinhduong.halink/public_html/wp-content/themes/halink/index.php(41): get_template_part()
#4 /var/www/daibinhduong.halink/public_html/wp-includes/template-loader.php(98): include('/var/www/daibin...')
#5 /var/www/daibinhduong.halink/public_html/wp-blog-header.php(19): require_once('/var/www/daibin...')
#6 /var/www/daibinhduong.halink/public_html/index.php(17): require('/var/www/daibin...')
#7 {main}
  thrown in /var/www/daibinhduong.halink/public_html/wp-content/themes/halink/template-parts/content.php on line 25

2020-04-01T02:59:27+00:00 CRITICAL Uncaught Error: Call to undefined function halink_posted_on() in /var/www/daibinhduong.halink/public_html/wp-content/themes/halink/template-parts/content.php:25
Stack trace:
#0 /var/www/daibinhduong.halink/public_html/wp-includes/template.php(724): require()
#1 /var/www/daibinhduong.halink/public_html/wp-includes/template.php(671): load_template()
#2 /var/www/daibinhduong.halink/public_html/wp-includes/general-template.php(168): locate_template()
#3 /var/www/daibinhduong.halink/public_html/wp-content/themes/halink/index.php(41): get_template_part()
#4 /var/www/daibinhduong.halink/public_html/wp-includes/template-loader.php(98): include('/var/www/daibin...')
#5 /var/www/daibinhduong.halink/public_html/wp-blog-header.php(19): require_once('/var/www/daibin...')
#6 /var/www/daibinhduong.halink/public_html/index.php(17): require('/var/www/daibin...')
#7 {main}
  thrown in /var/www/daibinhduong.halink/public_html/wp-content/themes/halink/template-parts/content.php on line 25

2020-04-01T02:59:53+00:00 CRITICAL Uncaught Error: Call to undefined function halink_posted_on() in /var/www/daibinhduong.halink/public_html/wp-content/themes/halink/template-parts/content.php:25
Stack trace:
#0 /var/www/daibinhduong.halink/public_html/wp-includes/template.php(724): require()
#1 /var/www/daibinhduong.halink/public_html/wp-includes/template.php(671): load_template()
#2 /var/www/daibinhduong.halink/public_html/wp-includes/general-template.php(168): locate_template()
#3 /var/www/daibinhduong.halink/public_html/wp-content/themes/halink/index.php(41): get_template_part()
#4 /var/www/daibinhduong.halink/public_html/wp-includes/template-loader.php(98): include('/var/www/daibin...')
#5 /var/www/daibinhduong.halink/public_html/wp-blog-header.php(19): require_once('/var/www/daibin...')
#6 /var/www/daibinhduong.halink/public_html/index.php(17): require('/var/www/daibin...')
#7 {main}
  thrown in /var/www/daibinhduong.halink/public_html/wp-content/themes/halink/template-parts/content.php on line 25

2020-04-01T02:59:58+00:00 CRITICAL Uncaught Error: Call to undefined function halink_posted_on() in /var/www/daibinhduong.halink/public_html/wp-content/themes/halink/template-parts/content.php:25
Stack trace:
#0 /var/www/daibinhduong.halink/public_html/wp-includes/template.php(724): require()
#1 /var/www/daibinhduong.halink/public_html/wp-includes/template.php(671): load_template()
#2 /var/www/daibinhduong.halink/public_html/wp-includes/general-template.php(168): locate_template()
#3 /var/www/daibinhduong.halink/public_html/wp-content/themes/halink/index.php(41): get_template_part()
#4 /var/www/daibinhduong.halink/public_html/wp-includes/template-loader.php(98): include('/var/www/daibin...')
#5 /var/www/daibinhduong.halink/public_html/wp-blog-header.php(19): require_once('/var/www/daibin...')
#6 /var/www/daibinhduong.halink/public_html/index.php(17): require('/var/www/daibin...')
#7 {main}
  thrown in /var/www/daibinhduong.halink/public_html/wp-content/themes/halink/template-parts/content.php on line 25

2020-04-01T03:00:14+00:00 CRITICAL Uncaught Error: Call to undefined function halink_posted_on() in /var/www/daibinhduong.halink/public_html/wp-content/themes/halink/template-parts/content.php:25
Stack trace:
#0 /var/www/daibinhduong.halink/public_html/wp-includes/template.php(724): require()
#1 /var/www/daibinhduong.halink/public_html/wp-includes/template.php(671): load_template()
#2 /var/www/daibinhduong.halink/public_html/wp-includes/general-template.php(168): locate_template()
#3 /var/www/daibinhduong.halink/public_html/wp-content/themes/halink/index.php(41): get_template_part()
#4 /var/www/daibinhduong.halink/public_html/wp-includes/template-loader.php(98): include('/var/www/daibin...')
#5 /var/www/daibinhduong.halink/public_html/wp-blog-header.php(19): require_once('/var/www/daibin...')
#6 /var/www/daibinhduong.halink/public_html/index.php(17): require('/var/www/daibin...')
#7 {main}
  thrown in /var/www/daibinhduong.halink/public_html/wp-content/themes/halink/template-parts/content.php on line 25

2020-04-01T03:01:30+00:00 CRITICAL Uncaught Error: Call to undefined function halink_posted_on() in /var/www/daibinhduong.halink/public_html/wp-content/themes/halink/template-parts/content.php:25
Stack trace:
#0 /var/www/daibinhduong.halink/public_html/wp-includes/template.php(724): require()
#1 /var/www/daibinhduong.halink/public_html/wp-includes/template.php(671): load_template()
#2 /var/www/daibinhduong.halink/public_html/wp-includes/general-template.php(168): locate_template()
#3 /var/www/daibinhduong.halink/public_html/wp-content/themes/halink/index.php(41): get_template_part()
#4 /var/www/daibinhduong.halink/public_html/wp-includes/template-loader.php(98): include('/var/www/daibin...')
#5 /var/www/daibinhduong.halink/public_html/wp-blog-header.php(19): require_once('/var/www/daibin...')
#6 /var/www/daibinhduong.halink/public_html/index.php(17): require('/var/www/daibin...')
#7 {main}
  thrown in /var/www/daibinhduong.halink/public_html/wp-content/themes/halink/template-parts/content.php on line 25

2020-04-01T03:02:34+00:00 CRITICAL Uncaught Error: Call to undefined function halink_posted_on() in /var/www/daibinhduong.halink/public_html/wp-content/themes/halink/template-parts/content.php:25
Stack trace:
#0 /var/www/daibinhduong.halink/public_html/wp-includes/template.php(724): require()
#1 /var/www/daibinhduong.halink/public_html/wp-includes/template.php(671): load_template()
#2 /var/www/daibinhduong.halink/public_html/wp-includes/general-template.php(168): locate_template()
#3 /var/www/daibinhduong.halink/public_html/wp-content/themes/halink/index.php(41): get_template_part()
#4 /var/www/daibinhduong.halink/public_html/wp-includes/template-loader.php(98): include('/var/www/daibin...')
#5 /var/www/daibinhduong.halink/public_html/wp-blog-header.php(19): require_once('/var/www/daibin...')
#6 /var/www/daibinhduong.halink/public_html/index.php(17): require('/var/www/daibin...')
#7 {main}
  thrown in /var/www/daibinhduong.halink/public_html/wp-content/themes/halink/template-parts/content.php on line 25

2020-04-01T03:03:57+00:00 CRITICAL Uncaught Error: Call to undefined function halink_posted_on() in /var/www/daibinhduong.halink/public_html/wp-content/themes/halink/template-parts/content.php:25
Stack trace:
#0 /var/www/daibinhduong.halink/public_html/wp-includes/template.php(724): require()
#1 /var/www/daibinhduong.halink/public_html/wp-includes/template.php(671): load_template()
#2 /var/www/daibinhduong.halink/public_html/wp-includes/general-template.php(168): locate_template()
#3 /var/www/daibinhduong.halink/public_html/wp-content/themes/halink/index.php(41): get_template_part()
#4 /var/www/daibinhduong.halink/public_html/wp-includes/template-loader.php(98): include('/var/www/daibin...')
#5 /var/www/daibinhduong.halink/public_html/wp-blog-header.php(19): require_once('/var/www/daibin...')
#6 /var/www/daibinhduong.halink/public_html/index.php(17): require('/var/www/daibin...')
#7 {main}
  thrown in /var/www/daibinhduong.halink/public_html/wp-content/themes/halink/template-parts/content.php on line 25

2020-04-01T03:04:12+00:00 CRITICAL Uncaught Error: Call to undefined function halink_posted_on() in /var/www/daibinhduong.halink/public_html/wp-content/themes/halink/template-parts/content.php:25
Stack trace:
#0 /var/www/daibinhduong.halink/public_html/wp-includes/template.php(724): require()
#1 /var/www/daibinhduong.halink/public_html/wp-includes/template.php(671): load_template()
#2 /var/www/daibinhduong.halink/public_html/wp-includes/general-template.php(168): locate_template()
#3 /var/www/daibinhduong.halink/public_html/wp-content/themes/halink/index.php(41): get_template_part()
#4 /var/www/daibinhduong.halink/public_html/wp-includes/template-loader.php(98): include('/var/www/daibin...')
#5 /var/www/daibinhduong.halink/public_html/wp-blog-header.php(19): require_once('/var/www/daibin...')
#6 /var/www/daibinhduong.halink/public_html/index.php(17): require('/var/www/daibin...')
#7 {main}
  thrown in /var/www/daibinhduong.halink/public_html/wp-content/themes/halink/template-parts/content.php on line 25

2020-04-01T04:41:30+00:00 CRITICAL Uncaught Error: Call to undefined function halink_post_thumbnail() in /var/www/daibinhduong.halink/public_html/wp-content/themes/halink/template-parts/content-page.php:17
Stack trace:
#0 /var/www/daibinhduong.halink/public_html/wp-includes/template.php(724): require()
#1 /var/www/daibinhduong.halink/public_html/wp-includes/template.php(671): load_template()
#2 /var/www/daibinhduong.halink/public_html/wp-includes/general-template.php(168): locate_template()
#3 /var/www/daibinhduong.halink/public_html/wp-content/themes/halink/page.php(25): get_template_part()
#4 /var/www/daibinhduong.halink/public_html/wp-includes/template-loader.php(98): include('/var/www/daibin...')
#5 /var/www/daibinhduong.halink/public_html/wp-blog-header.php(19): require_once('/var/www/daibin...')
#6 /var/www/daibinhduong.halink/public_html/index.php(17): require('/var/www/daibin...')
#7 {main}
  thrown in /var/www/daibinhduong.halink/public_html/wp-content/themes/halink/template-parts/content-page.php on line 17

2020-04-01T04:42:03+00:00 CRITICAL Uncaught Error: Call to undefined function halink_post_thumbnail() in /var/www/daibinhduong.halink/public_html/wp-content/themes/halink/template-parts/content-page.php:17
Stack trace:
#0 /var/www/daibinhduong.halink/public_html/wp-includes/template.php(724): require()
#1 /var/www/daibinhduong.halink/public_html/wp-includes/template.php(671): load_template()
#2 /var/www/daibinhduong.halink/public_html/wp-includes/general-template.php(168): locate_template()
#3 /var/www/daibinhduong.halink/public_html/wp-content/themes/halink/page.php(25): get_template_part()
#4 /var/www/daibinhduong.halink/public_html/wp-includes/template-loader.php(98): include('/var/www/daibin...')
#5 /var/www/daibinhduong.halink/public_html/wp-blog-header.php(19): require_once('/var/www/daibin...')
#6 /var/www/daibinhduong.halink/public_html/index.php(17): require('/var/www/daibin...')
#7 {main}
  thrown in /var/www/daibinhduong.halink/public_html/wp-content/themes/halink/template-parts/content-page.php on line 17

2020-04-01T04:42:27+00:00 CRITICAL Uncaught Error: Call to undefined function halink_post_thumbnail() in /var/www/daibinhduong.halink/public_html/wp-content/themes/halink/template-parts/content-page.php:17
Stack trace:
#0 /var/www/daibinhduong.halink/public_html/wp-includes/template.php(724): require()
#1 /var/www/daibinhduong.halink/public_html/wp-includes/template.php(671): load_template()
#2 /var/www/daibinhduong.halink/public_html/wp-includes/general-template.php(168): locate_template()
#3 /var/www/daibinhduong.halink/public_html/wp-content/themes/halink/page.php(25): get_template_part()
#4 /var/www/daibinhduong.halink/public_html/wp-includes/template-loader.php(98): include('/var/www/daibin...')
#5 /var/www/daibinhduong.halink/public_html/wp-blog-header.php(19): require_once('/var/www/daibin...')
#6 /var/www/daibinhduong.halink/public_html/index.php(17): require('/var/www/daibin...')
#7 {main}
  thrown in /var/www/daibinhduong.halink/public_html/wp-content/themes/halink/template-parts/content-page.php on line 17

2020-04-01T04:42:54+00:00 CRITICAL Uncaught Error: Call to undefined function halink_post_thumbnail() in /var/www/daibinhduong.halink/public_html/wp-content/themes/halink/template-parts/content-page.php:17
Stack trace:
#0 /var/www/daibinhduong.halink/public_html/wp-includes/template.php(724): require()
#1 /var/www/daibinhduong.halink/public_html/wp-includes/template.php(671): load_template()
#2 /var/www/daibinhduong.halink/public_html/wp-includes/general-template.php(168): locate_template()
#3 /var/www/daibinhduong.halink/public_html/wp-content/themes/halink/page.php(25): get_template_part()
#4 /var/www/daibinhduong.halink/public_html/wp-includes/template-loader.php(98): include('/var/www/daibin...')
#5 /var/www/daibinhduong.halink/public_html/wp-blog-header.php(19): require_once('/var/www/daibin...')
#6 /var/www/daibinhduong.halink/public_html/index.php(17): require('/var/www/daibin...')
#7 {main}
  thrown in /var/www/daibinhduong.halink/public_html/wp-content/themes/halink/template-parts/content-page.php on line 17

2020-04-01T06:32:17+00:00 CRITICAL Uncaught ArgumentCountError: Too few arguments to function wc_get_related_products(), 0 passed in /var/www/daibinhduong.halink/public_html/wp-content/themes/halink/woocommerce/content-single-product.php on line 46 and at least 1 expected in /var/www/daibinhduong.halink/public_html/wp-content/plugins/woocommerce/includes/wc-product-functions.php:876
Stack trace:
#0 /var/www/daibinhduong.halink/public_html/wp-content/themes/halink/woocommerce/content-single-product.php(46): wc_get_related_products()
#1 /var/www/daibinhduong.halink/public_html/wp-includes/template.php(724): require('/var/www/daibin...')
#2 /var/www/daibinhduong.halink/public_html/wp-content/plugins/woocommerce/includes/wc-core-functions.php(197): load_template()
#3 /var/www/daibinhduong.halink/public_html/wp-content/plugins/woocommerce/includes/class-wc-shortcodes.php(598): wc_get_template_part()
#4 /var/www/daibinhduong.halink/public_html/wp-includes/shortcodes.php(325): WC_Shortcodes::product_page()
#5 [internal function]: do_shortcode_tag()
# in /var/www/daibinhduong.halink/public_html/wp-content/plugins/woocommerce/includes/wc-product-functions.php on line 876

2020-04-01T06:57:17+00:00 CRITICAL Uncaught Error: Call to undefined method WC_Product_Simple::get_product_url() in /var/www/daibinhduong.halink/public_html/wp-content/themes/halink/template-parts/content-related-product.php:3
Stack trace:
#0 /var/www/daibinhduong.halink/public_html/wp-includes/template.php(724): require()
#1 /var/www/daibinhduong.halink/public_html/wp-includes/template.php(671): load_template()
#2 /var/www/daibinhduong.halink/public_html/wp-includes/general-template.php(168): locate_template()
#3 /var/www/daibinhduong.halink/public_html/wp-content/themes/halink/woocommerce/single-product/related.php(55): get_template_part()
#4 /var/www/daibinhduong.halink/public_html/wp-content/plugins/woocommerce/includes/wc-core-functions.php(251): include('/var/www/daibin...')
#5 /var/www/daibinhduong.halink/public_html/wp-content/plugins/woocommerce/includes/wc-template-functions.php(1930): wc_get_template()
#6 /var/www/daibinhduong.halink/public_html/wp-content/themes/halink/woocommerce/content-single-product.php(46): woocommerce_related in /var/www/daibinhduong.halink/public_html/wp-content/themes/halink/template-parts/content-related-product.php on line 3

2020-04-01T06:57:27+00:00 CRITICAL Uncaught Error: Call to undefined method WC_Product_Simple::get_url() in /var/www/daibinhduong.halink/public_html/wp-content/themes/halink/template-parts/content-related-product.php:3
Stack trace:
#0 /var/www/daibinhduong.halink/public_html/wp-includes/template.php(724): require()
#1 /var/www/daibinhduong.halink/public_html/wp-includes/template.php(671): load_template()
#2 /var/www/daibinhduong.halink/public_html/wp-includes/general-template.php(168): locate_template()
#3 /var/www/daibinhduong.halink/public_html/wp-content/themes/halink/woocommerce/single-product/related.php(55): get_template_part()
#4 /var/www/daibinhduong.halink/public_html/wp-content/plugins/woocommerce/includes/wc-core-functions.php(251): include('/var/www/daibin...')
#5 /var/www/daibinhduong.halink/public_html/wp-content/plugins/woocommerce/includes/wc-template-functions.php(1930): wc_get_template()
#6 /var/www/daibinhduong.halink/public_html/wp-content/themes/halink/woocommerce/content-single-product.php(46): woocommerce_related_product in /var/www/daibinhduong.halink/public_html/wp-content/themes/halink/template-parts/content-related-product.php on line 3

2020-04-01T06:57:41+00:00 CRITICAL Uncaught Error: Call to undefined method WC_Product_Simple::product_url() in /var/www/daibinhduong.halink/public_html/wp-content/themes/halink/template-parts/content-related-product.php:3
Stack trace:
#0 /var/www/daibinhduong.halink/public_html/wp-includes/template.php(724): require()
#1 /var/www/daibinhduong.halink/public_html/wp-includes/template.php(671): load_template()
#2 /var/www/daibinhduong.halink/public_html/wp-includes/general-template.php(168): locate_template()
#3 /var/www/daibinhduong.halink/public_html/wp-content/themes/halink/woocommerce/single-product/related.php(55): get_template_part()
#4 /var/www/daibinhduong.halink/public_html/wp-content/plugins/woocommerce/includes/wc-core-functions.php(251): include('/var/www/daibin...')
#5 /var/www/daibinhduong.halink/public_html/wp-content/plugins/woocommerce/includes/wc-template-functions.php(1930): wc_get_template()
#6 /var/www/daibinhduong.halink/public_html/wp-content/themes/halink/woocommerce/content-single-product.php(46): woocommerce_related_pro in /var/www/daibinhduong.halink/public_html/wp-content/themes/halink/template-parts/content-related-product.php on line 3

