2020-04-09T01:45:56+00:00 CRITICAL Uncaught Error: Call to undefined function get_title() in /var/www/daibinhduong.halink/public_html/wp-content/themes/halink/template-parts/content-product_cat-list.php:13
Stack trace:
#0 /var/www/daibinhduong.halink/public_html/wp-includes/template.php(724): require()
#1 /var/www/daibinhduong.halink/public_html/wp-includes/template.php(671): load_template()
#2 /var/www/daibinhduong.halink/public_html/wp-includes/general-template.php(168): locate_template()
#3 /var/www/daibinhduong.halink/public_html/wp-content/themes/halink/template-parts/content-product_cat.php(14): get_template_part()
#4 /var/www/daibinhduong.halink/public_html/wp-includes/template.php(724): require('/var/www/daibin...')
#5 /var/www/daibinhduong.halink/public_html/wp-includes/template.php(671): load_template()
#6 /var/www/daibinhduong.halink/public_html/wp-includes/general-template.php(168): locate_template()
#7 /var/www/daibinhduong.halink/public_html/wp-content/themes/halink/page.php(19): get_template_part()
#8 /var/www/daibinhduong.halin in /var/www/daibinhduong.halink/public_html/wp-content/themes/halink/template-parts/content-product_cat-list.php on line 13

2020-04-09T01:45:58+00:00 CRITICAL Uncaught Error: Call to undefined function get_title() in /var/www/daibinhduong.halink/public_html/wp-content/themes/halink/template-parts/content-product_cat-list.php:13
Stack trace:
#0 /var/www/daibinhduong.halink/public_html/wp-includes/template.php(724): require()
#1 /var/www/daibinhduong.halink/public_html/wp-includes/template.php(671): load_template()
#2 /var/www/daibinhduong.halink/public_html/wp-includes/general-template.php(168): locate_template()
#3 /var/www/daibinhduong.halink/public_html/wp-content/themes/halink/template-parts/content-product_cat.php(14): get_template_part()
#4 /var/www/daibinhduong.halink/public_html/wp-includes/template.php(724): require('/var/www/daibin...')
#5 /var/www/daibinhduong.halink/public_html/wp-includes/template.php(671): load_template()
#6 /var/www/daibinhduong.halink/public_html/wp-includes/general-template.php(168): locate_template()
#7 /var/www/daibinhduong.halink/public_html/wp-content/themes/halink/page.php(19): get_template_part()
#8 /var/www/daibinhduong.halin in /var/www/daibinhduong.halink/public_html/wp-content/themes/halink/template-parts/content-product_cat-list.php on line 13

2020-04-09T01:46:15+00:00 CRITICAL Uncaught Error: Call to undefined function get_title() in /var/www/daibinhduong.halink/public_html/wp-content/themes/halink/template-parts/content-product_cat-list.php:14
Stack trace:
#0 /var/www/daibinhduong.halink/public_html/wp-includes/template.php(724): require()
#1 /var/www/daibinhduong.halink/public_html/wp-includes/template.php(671): load_template()
#2 /var/www/daibinhduong.halink/public_html/wp-includes/general-template.php(168): locate_template()
#3 /var/www/daibinhduong.halink/public_html/wp-content/themes/halink/template-parts/content-product_cat.php(14): get_template_part()
#4 /var/www/daibinhduong.halink/public_html/wp-includes/template.php(724): require('/var/www/daibin...')
#5 /var/www/daibinhduong.halink/public_html/wp-includes/template.php(671): load_template()
#6 /var/www/daibinhduong.halink/public_html/wp-includes/general-template.php(168): locate_template()
#7 /var/www/daibinhduong.halink/public_html/wp-content/themes/halink/page.php(19): get_template_part()
#8 /var/www/daibinhduong.halin in /var/www/daibinhduong.halink/public_html/wp-content/themes/halink/template-parts/content-product_cat-list.php on line 14

2020-04-09T01:53:15+00:00 CRITICAL Uncaught Error: Call to undefined function wp_query() in /var/www/daibinhduong.halink/public_html/wp-content/themes/halink/template-parts/content-product_cat-list.php:23
Stack trace:
#0 /var/www/daibinhduong.halink/public_html/wp-includes/template.php(724): require()
#1 /var/www/daibinhduong.halink/public_html/wp-includes/template.php(671): load_template()
#2 /var/www/daibinhduong.halink/public_html/wp-includes/general-template.php(168): locate_template()
#3 /var/www/daibinhduong.halink/public_html/wp-content/themes/halink/template-parts/content-product_cat.php(14): get_template_part()
#4 /var/www/daibinhduong.halink/public_html/wp-includes/template.php(724): require('/var/www/daibin...')
#5 /var/www/daibinhduong.halink/public_html/wp-includes/template.php(671): load_template()
#6 /var/www/daibinhduong.halink/public_html/wp-includes/general-template.php(168): locate_template()
#7 /var/www/daibinhduong.halink/public_html/wp-content/themes/halink/page.php(19): get_template_part()
#8 /var/www/daibinhduong.halink in /var/www/daibinhduong.halink/public_html/wp-content/themes/halink/template-parts/content-product_cat-list.php on line 23

2020-04-09T01:58:11+00:00 CRITICAL Uncaught Error: Call to undefined function WP_Query() in /var/www/daibinhduong.halink/public_html/wp-content/themes/halink/template-parts/content-product_cat-list.php:27
Stack trace:
#0 /var/www/daibinhduong.halink/public_html/wp-includes/template.php(724): require()
#1 /var/www/daibinhduong.halink/public_html/wp-includes/template.php(671): load_template()
#2 /var/www/daibinhduong.halink/public_html/wp-includes/general-template.php(168): locate_template()
#3 /var/www/daibinhduong.halink/public_html/wp-content/themes/halink/template-parts/content-product_cat.php(14): get_template_part()
#4 /var/www/daibinhduong.halink/public_html/wp-includes/template.php(724): require('/var/www/daibin...')
#5 /var/www/daibinhduong.halink/public_html/wp-includes/template.php(671): load_template()
#6 /var/www/daibinhduong.halink/public_html/wp-includes/general-template.php(168): locate_template()
#7 /var/www/daibinhduong.halink/public_html/wp-content/themes/halink/page.php(19): get_template_part()
#8 /var/www/daibinhduong.halink in /var/www/daibinhduong.halink/public_html/wp-content/themes/halink/template-parts/content-product_cat-list.php on line 27

2020-04-09T01:58:33+00:00 CRITICAL Uncaught Error: Call to undefined function WP_Query() in /var/www/daibinhduong.halink/public_html/wp-content/themes/halink/template-parts/content-product_cat-list.php:27
Stack trace:
#0 /var/www/daibinhduong.halink/public_html/wp-includes/template.php(724): require()
#1 /var/www/daibinhduong.halink/public_html/wp-includes/template.php(671): load_template()
#2 /var/www/daibinhduong.halink/public_html/wp-includes/general-template.php(168): locate_template()
#3 /var/www/daibinhduong.halink/public_html/wp-content/themes/halink/template-parts/content-product_cat.php(14): get_template_part()
#4 /var/www/daibinhduong.halink/public_html/wp-includes/template.php(724): require('/var/www/daibin...')
#5 /var/www/daibinhduong.halink/public_html/wp-includes/template.php(671): load_template()
#6 /var/www/daibinhduong.halink/public_html/wp-includes/general-template.php(168): locate_template()
#7 /var/www/daibinhduong.halink/public_html/wp-content/themes/halink/page.php(19): get_template_part()
#8 /var/www/daibinhduong.halink in /var/www/daibinhduong.halink/public_html/wp-content/themes/halink/template-parts/content-product_cat-list.php on line 27

2020-04-09T01:58:49+00:00 CRITICAL Uncaught Error: Call to undefined function WP_Query() in /var/www/daibinhduong.halink/public_html/wp-content/themes/halink/template-parts/content-product_cat-list.php:27
Stack trace:
#0 /var/www/daibinhduong.halink/public_html/wp-includes/template.php(724): require()
#1 /var/www/daibinhduong.halink/public_html/wp-includes/template.php(671): load_template()
#2 /var/www/daibinhduong.halink/public_html/wp-includes/general-template.php(168): locate_template()
#3 /var/www/daibinhduong.halink/public_html/wp-content/themes/halink/template-parts/content-product_cat.php(14): get_template_part()
#4 /var/www/daibinhduong.halink/public_html/wp-includes/template.php(724): require('/var/www/daibin...')
#5 /var/www/daibinhduong.halink/public_html/wp-includes/template.php(671): load_template()
#6 /var/www/daibinhduong.halink/public_html/wp-includes/general-template.php(168): locate_template()
#7 /var/www/daibinhduong.halink/public_html/wp-content/themes/halink/page.php(19): get_template_part()
#8 /var/www/daibinhduong.halink in /var/www/daibinhduong.halink/public_html/wp-content/themes/halink/template-parts/content-product_cat-list.php on line 27

2020-04-09T01:58:50+00:00 CRITICAL Uncaught Error: Call to undefined function WP_Query() in /var/www/daibinhduong.halink/public_html/wp-content/themes/halink/template-parts/content-product_cat-list.php:27
Stack trace:
#0 /var/www/daibinhduong.halink/public_html/wp-includes/template.php(724): require()
#1 /var/www/daibinhduong.halink/public_html/wp-includes/template.php(671): load_template()
#2 /var/www/daibinhduong.halink/public_html/wp-includes/general-template.php(168): locate_template()
#3 /var/www/daibinhduong.halink/public_html/wp-content/themes/halink/template-parts/content-product_cat.php(14): get_template_part()
#4 /var/www/daibinhduong.halink/public_html/wp-includes/template.php(724): require('/var/www/daibin...')
#5 /var/www/daibinhduong.halink/public_html/wp-includes/template.php(671): load_template()
#6 /var/www/daibinhduong.halink/public_html/wp-includes/general-template.php(168): locate_template()
#7 /var/www/daibinhduong.halink/public_html/wp-content/themes/halink/page.php(19): get_template_part()
#8 /var/www/daibinhduong.halink in /var/www/daibinhduong.halink/public_html/wp-content/themes/halink/template-parts/content-product_cat-list.php on line 27

2020-04-09T01:58:50+00:00 CRITICAL Uncaught Error: Call to undefined function WP_Query() in /var/www/daibinhduong.halink/public_html/wp-content/themes/halink/template-parts/content-product_cat-list.php:27
Stack trace:
#0 /var/www/daibinhduong.halink/public_html/wp-includes/template.php(724): require()
#1 /var/www/daibinhduong.halink/public_html/wp-includes/template.php(671): load_template()
#2 /var/www/daibinhduong.halink/public_html/wp-includes/general-template.php(168): locate_template()
#3 /var/www/daibinhduong.halink/public_html/wp-content/themes/halink/template-parts/content-product_cat.php(14): get_template_part()
#4 /var/www/daibinhduong.halink/public_html/wp-includes/template.php(724): require('/var/www/daibin...')
#5 /var/www/daibinhduong.halink/public_html/wp-includes/template.php(671): load_template()
#6 /var/www/daibinhduong.halink/public_html/wp-includes/general-template.php(168): locate_template()
#7 /var/www/daibinhduong.halink/public_html/wp-content/themes/halink/page.php(19): get_template_part()
#8 /var/www/daibinhduong.halink in /var/www/daibinhduong.halink/public_html/wp-content/themes/halink/template-parts/content-product_cat-list.php on line 27

2020-04-09T01:58:51+00:00 CRITICAL Uncaught Error: Call to undefined function WP_Query() in /var/www/daibinhduong.halink/public_html/wp-content/themes/halink/template-parts/content-product_cat-list.php:27
Stack trace:
#0 /var/www/daibinhduong.halink/public_html/wp-includes/template.php(724): require()
#1 /var/www/daibinhduong.halink/public_html/wp-includes/template.php(671): load_template()
#2 /var/www/daibinhduong.halink/public_html/wp-includes/general-template.php(168): locate_template()
#3 /var/www/daibinhduong.halink/public_html/wp-content/themes/halink/template-parts/content-product_cat.php(14): get_template_part()
#4 /var/www/daibinhduong.halink/public_html/wp-includes/template.php(724): require('/var/www/daibin...')
#5 /var/www/daibinhduong.halink/public_html/wp-includes/template.php(671): load_template()
#6 /var/www/daibinhduong.halink/public_html/wp-includes/general-template.php(168): locate_template()
#7 /var/www/daibinhduong.halink/public_html/wp-content/themes/halink/page.php(19): get_template_part()
#8 /var/www/daibinhduong.halink in /var/www/daibinhduong.halink/public_html/wp-content/themes/halink/template-parts/content-product_cat-list.php on line 27

2020-04-09T01:59:09+00:00 CRITICAL Uncaught Error: Call to undefined function WP_Query() in /var/www/daibinhduong.halink/public_html/wp-content/themes/halink/template-parts/content-product_cat-list.php:27
Stack trace:
#0 /var/www/daibinhduong.halink/public_html/wp-includes/template.php(724): require()
#1 /var/www/daibinhduong.halink/public_html/wp-includes/template.php(671): load_template()
#2 /var/www/daibinhduong.halink/public_html/wp-includes/general-template.php(168): locate_template()
#3 /var/www/daibinhduong.halink/public_html/wp-content/themes/halink/template-parts/content-product_cat.php(14): get_template_part()
#4 /var/www/daibinhduong.halink/public_html/wp-includes/template.php(724): require('/var/www/daibin...')
#5 /var/www/daibinhduong.halink/public_html/wp-includes/template.php(671): load_template()
#6 /var/www/daibinhduong.halink/public_html/wp-includes/general-template.php(168): locate_template()
#7 /var/www/daibinhduong.halink/public_html/wp-content/themes/halink/page.php(19): get_template_part()
#8 /var/www/daibinhduong.halink in /var/www/daibinhduong.halink/public_html/wp-content/themes/halink/template-parts/content-product_cat-list.php on line 27

2020-04-09T01:59:10+00:00 CRITICAL Uncaught Error: Call to undefined function WP_Query() in /var/www/daibinhduong.halink/public_html/wp-content/themes/halink/template-parts/content-product_cat-list.php:27
Stack trace:
#0 /var/www/daibinhduong.halink/public_html/wp-includes/template.php(724): require()
#1 /var/www/daibinhduong.halink/public_html/wp-includes/template.php(671): load_template()
#2 /var/www/daibinhduong.halink/public_html/wp-includes/general-template.php(168): locate_template()
#3 /var/www/daibinhduong.halink/public_html/wp-content/themes/halink/template-parts/content-product_cat.php(14): get_template_part()
#4 /var/www/daibinhduong.halink/public_html/wp-includes/template.php(724): require('/var/www/daibin...')
#5 /var/www/daibinhduong.halink/public_html/wp-includes/template.php(671): load_template()
#6 /var/www/daibinhduong.halink/public_html/wp-includes/general-template.php(168): locate_template()
#7 /var/www/daibinhduong.halink/public_html/wp-content/themes/halink/page.php(19): get_template_part()
#8 /var/www/daibinhduong.halink in /var/www/daibinhduong.halink/public_html/wp-content/themes/halink/template-parts/content-product_cat-list.php on line 27

2020-04-09T01:59:15+00:00 CRITICAL Uncaught Error: Call to undefined function WP_Query() in /var/www/daibinhduong.halink/public_html/wp-content/themes/halink/template-parts/content-product_cat-list.php:27
Stack trace:
#0 /var/www/daibinhduong.halink/public_html/wp-includes/template.php(724): require()
#1 /var/www/daibinhduong.halink/public_html/wp-includes/template.php(671): load_template()
#2 /var/www/daibinhduong.halink/public_html/wp-includes/general-template.php(168): locate_template()
#3 /var/www/daibinhduong.halink/public_html/wp-content/themes/halink/template-parts/content-product_cat.php(14): get_template_part()
#4 /var/www/daibinhduong.halink/public_html/wp-includes/template.php(724): require('/var/www/daibin...')
#5 /var/www/daibinhduong.halink/public_html/wp-includes/template.php(671): load_template()
#6 /var/www/daibinhduong.halink/public_html/wp-includes/general-template.php(168): locate_template()
#7 /var/www/daibinhduong.halink/public_html/wp-content/themes/halink/page.php(19): get_template_part()
#8 /var/www/daibinhduong.halink in /var/www/daibinhduong.halink/public_html/wp-content/themes/halink/template-parts/content-product_cat-list.php on line 27

2020-04-09T01:59:26+00:00 CRITICAL Uncaught Error: Call to undefined function WP_Query() in /var/www/daibinhduong.halink/public_html/wp-content/themes/halink/template-parts/content-product_cat-list.php:27
Stack trace:
#0 /var/www/daibinhduong.halink/public_html/wp-includes/template.php(724): require()
#1 /var/www/daibinhduong.halink/public_html/wp-includes/template.php(671): load_template()
#2 /var/www/daibinhduong.halink/public_html/wp-includes/general-template.php(168): locate_template()
#3 /var/www/daibinhduong.halink/public_html/wp-content/themes/halink/template-parts/content-product_cat.php(14): get_template_part()
#4 /var/www/daibinhduong.halink/public_html/wp-includes/template.php(724): require('/var/www/daibin...')
#5 /var/www/daibinhduong.halink/public_html/wp-includes/template.php(671): load_template()
#6 /var/www/daibinhduong.halink/public_html/wp-includes/general-template.php(168): locate_template()
#7 /var/www/daibinhduong.halink/public_html/wp-content/themes/halink/page.php(19): get_template_part()
#8 /var/www/daibinhduong.halink in /var/www/daibinhduong.halink/public_html/wp-content/themes/halink/template-parts/content-product_cat-list.php on line 27

2020-04-09T02:00:00+00:00 CRITICAL Uncaught Error: Call to undefined function WP_Query() in /var/www/daibinhduong.halink/public_html/wp-content/themes/halink/template-parts/content-product_cat-list.php:27
Stack trace:
#0 /var/www/daibinhduong.halink/public_html/wp-includes/template.php(724): require()
#1 /var/www/daibinhduong.halink/public_html/wp-includes/template.php(671): load_template()
#2 /var/www/daibinhduong.halink/public_html/wp-includes/general-template.php(168): locate_template()
#3 /var/www/daibinhduong.halink/public_html/wp-content/themes/halink/template-parts/content-product_cat.php(14): get_template_part()
#4 /var/www/daibinhduong.halink/public_html/wp-includes/template.php(724): require('/var/www/daibin...')
#5 /var/www/daibinhduong.halink/public_html/wp-includes/template.php(671): load_template()
#6 /var/www/daibinhduong.halink/public_html/wp-includes/general-template.php(168): locate_template()
#7 /var/www/daibinhduong.halink/public_html/wp-content/themes/halink/page.php(19): get_template_part()
#8 /var/www/daibinhduong.halink in /var/www/daibinhduong.halink/public_html/wp-content/themes/halink/template-parts/content-product_cat-list.php on line 27

2020-04-09T04:05:49+00:00 CRITICAL Uncaught Error: Call to undefined function woo_pagination() in /var/www/daibinhduong.halink/public_html/wp-content/themes/halink/template-parts/content-product_cat-list.php:59
Stack trace:
#0 /var/www/daibinhduong.halink/public_html/wp-includes/template.php(724): require()
#1 /var/www/daibinhduong.halink/public_html/wp-includes/template.php(671): load_template()
#2 /var/www/daibinhduong.halink/public_html/wp-includes/general-template.php(168): locate_template()
#3 /var/www/daibinhduong.halink/public_html/wp-content/themes/halink/template-parts/content-product_cat.php(14): get_template_part()
#4 /var/www/daibinhduong.halink/public_html/wp-includes/template.php(724): require('/var/www/daibin...')
#5 /var/www/daibinhduong.halink/public_html/wp-includes/template.php(671): load_template()
#6 /var/www/daibinhduong.halink/public_html/wp-includes/general-template.php(168): locate_template()
#7 /var/www/daibinhduong.halink/public_html/wp-content/themes/halink/page.php(19): get_template_part()
#8 /var/www/daibinhduong. in /var/www/daibinhduong.halink/public_html/wp-content/themes/halink/template-parts/content-product_cat-list.php on line 59

2020-04-09T04:25:56+00:00 CRITICAL Uncaught Error: Call to a member function have_posts() on null in /var/www/daibinhduong.halink/public_html/wp-content/themes/halink/template-parts/content-product_cat-list.php:51
Stack trace:
#0 /var/www/daibinhduong.halink/public_html/wp-includes/template.php(724): require()
#1 /var/www/daibinhduong.halink/public_html/wp-includes/template.php(671): load_template()
#2 /var/www/daibinhduong.halink/public_html/wp-includes/general-template.php(168): locate_template()
#3 /var/www/daibinhduong.halink/public_html/wp-content/themes/halink/template-parts/content-product_cat.php(14): get_template_part()
#4 /var/www/daibinhduong.halink/public_html/wp-includes/template.php(724): require('/var/www/daibin...')
#5 /var/www/daibinhduong.halink/public_html/wp-includes/template.php(671): load_template()
#6 /var/www/daibinhduong.halink/public_html/wp-includes/general-template.php(168): locate_template()
#7 /var/www/daibinhduong.halink/public_html/wp-content/themes/halink/page.php(19): get_template_part()
#8 /var/www/daibinhduo in /var/www/daibinhduong.halink/public_html/wp-content/themes/halink/template-parts/content-product_cat-list.php on line 51

